2024-12-04 00:55:51
程序启动
ContentRootPath:/home/liqingshan/smart-cabinet/cabinet-server
WebRootPath:/home/liqingshan/smart-cabinet/cabinet-server/wwwroot
IsDevelopment:False


2024-12-04 00:56:13
程序启动
ContentRootPath:/home/liqingshan/smart-cabinet/cabinet-server
WebRootPath:/home/liqingshan/smart-cabinet/cabinet-server/wwwroot
IsDevelopment:False


2024-12-04 00:57:32
程序启动
ContentRootPath:/home/liqingshan/smart-cabinet/cabinet-server
WebRootPath:/home/liqingshan/smart-cabinet/cabinet-server/wwwroot
IsDevelopment:False


2024-12-04 01:02:19
程序启动
ContentRootPath:/home/liqingshan/smart-cabinet/cabinet-server
WebRootPath:/home/liqingshan/smart-cabinet/cabinet-server/wwwroot
IsDevelopment:False


2024-12-04 01:02:38
程序启动
ContentRootPath:/home/liqingshan/smart-cabinet/cabinet-server
WebRootPath:/home/liqingshan/smart-cabinet/cabinet-server/wwwroot
IsDevelopment:False


2024-12-04 01:02:56
程序启动
ContentRootPath:/home/liqingshan/smart-cabinet/cabinet-server
WebRootPath:/home/liqingshan/smart-cabinet/cabinet-server/wwwroot
IsDevelopment:False


2024-12-04 01:03:14
程序启动
ContentRootPath:/home/liqingshan/smart-cabinet/cabinet-server
WebRootPath:/home/liqingshan/smart-cabinet/cabinet-server/wwwroot
IsDevelopment:False


2024-12-04 01:03:32
程序启动
ContentRootPath:/home/liqingshan/smart-cabinet/cabinet-server
WebRootPath:/home/liqingshan/smart-cabinet/cabinet-server/wwwroot
IsDevelopment:False


2024-12-04 01:03:50
程序启动
ContentRootPath:/home/liqingshan/smart-cabinet/cabinet-server
WebRootPath:/home/liqingshan/smart-cabinet/cabinet-server/wwwroot
IsDevelopment:False


2024-12-04 01:04:09
程序启动
ContentRootPath:/home/liqingshan/smart-cabinet/cabinet-server
WebRootPath:/home/liqingshan/smart-cabinet/cabinet-server/wwwroot
IsDevelopment:False


2024-12-04 01:04:23
程序启动
ContentRootPath:/home/liqingshan/smart-cabinet/cabinet-server
WebRootPath:/home/liqingshan/smart-cabinet/cabinet-server/wwwroot
IsDevelopment:False


2024-12-04 01:04:51
程序启动
ContentRootPath:/home/liqingshan/smart-cabinet/cabinet-server
WebRootPath:/home/liqingshan/smart-cabinet/cabinet-server/wwwroot
IsDevelopment:False


2024-12-04 01:05:08
程序启动
ContentRootPath:/home/liqingshan/smart-cabinet/cabinet-server
WebRootPath:/home/liqingshan/smart-cabinet/cabinet-server/wwwroot
IsDevelopment:False


2024-12-04 01:06:32
程序启动
ContentRootPath:/home/liqingshan/smart-cabinet/cabinet-server
WebRootPath:/home/liqingshan/smart-cabinet/cabinet-server/wwwroot
IsDevelopment:False


2024-12-04 01:06:46
程序启动
ContentRootPath:/home/liqingshan/smart-cabinet/cabinet-server
WebRootPath:/home/liqingshan/smart-cabinet/cabinet-server/wwwroot
IsDevelopment:False


